# JRE version: OpenJDK Runtime Environment Temurin-21.0.10+7 (21.0.10+7) (build 21.0.10+7-LTS)
# Java VM: OpenJDK 64-Bit Server VM Temurin-21.0.10+7 (21.0.10+7-LTS, mixed mode, sharing, tiered, compressed oops, compressed class ptrs, parallel gc, windows-amd64)
GC Precious Log:
 CardTable entry size: 512
 CPUs: 12 total, 12 available
 Memory: 16077M
 Large Page Support: Disabled
 NUMA Support: Disabled
 Compressed Oops: Enabled (32-bit)
 Alignments: Space 512K, Generation 512K, Heap 2M
 Heap Min Capacity: 100M
 Heap Initial Capacity: 100M
 Heap Max Capacity: 2G
 Pre-touch: Disabled
 Parallel Workers: 10
Heap:
 PSYoungGen      total 5632K, used 4628K [0x00000000d5580000, 0x00000000d5b80000, 0x0000000100000000)
  eden space 4608K, 98% used [0x00000000d5580000,0x00000000d59ed208,0x00000000d5a00000)
  from space 1024K, 9% used [0x00000000d5a00000,0x00000000d5a18000,0x00000000d5b00000)
  to   space 512K, 0% used [0x00000000d5b00000,0x00000000d5b00000,0x00000000d5b80000)
 ParOldGen       total 127488K, used 127352K [0x0000000080000000, 0x0000000087c80000, 0x00000000d5580000)
  object space 127488K, 99% used [0x0000000080000000,0x0000000087c5e050,0x0000000087c80000)
 Metaspace       used 55280K, committed 56448K, reserved 1114112K
  class space    used 5916K, committed 6400K, reserved 1048576K
GC Heap History (20 events):
Event: 14.113 GC heap before
{Heap before GC invocations=62 (full 2):
 PSYoungGen      total 5632K, used 5298K [0x00000000d5580000, 0x00000000d5f00000, 0x0000000100000000)
  eden space 4608K, 99% used [0x00000000d5580000,0x00000000d59fcab8,0x00000000d5a00000)
  from space 1024K, 68% used [0x00000000d5a00000,0x00000000d5ab0000,0x00000000d5b00000)
  to   space 2560K, 0% used [0x00000000d5c80000,0x00000000d5c80000,0x00000000d5f00000)
 ParOldGen       total 124928K, used 124092K [0x0000000080000000, 0x0000000087a00000, 0x00000000d5580000)
  object space 124928K, 99% used [0x0000000080000000,0x000000008792f028,0x0000000087a00000)
 Metaspace       used 53710K, committed 54912K, reserved 1114112K
  class space    used 5769K, committed 6272K, reserved 1048576K
}
Event: 14.116 GC heap after
{Heap after GC invocations=62 (full 2):
 PSYoungGen      total 6144K, used 1129K [0x00000000d5580000, 0x00000000d5e00000, 0x0000000100000000)
  eden space 4608K, 0% used [0x00000000d5580000,0x00000000d5580000,0x00000000d5a00000)
  from space 1536K, 73% used [0x00000000d5c80000,0x00000000d5d9a618,0x00000000d5e00000)
  to   space 1536K, 0% used [0x00000000d5b00000,0x00000000d5b00000,0x00000000d5c80000)
 ParOldGen       total 124928K, used 124684K [0x0000000080000000, 0x0000000087a00000, 0x00000000d5580000)
  object space 124928K, 99% used [0x0000000080000000,0x00000000879c3028,0x0000000087a00000)
 Metaspace       used 53710K, committed 54912K, reserved 1114112K
  class space    used 5769K, committed 6272K, reserved 1048576K
}
Event: 14.221 GC heap before
{Heap before GC invocations=63 (full 2):
 PSYoungGen      total 6144K, used 5737K [0x00000000d5580000, 0x00000000d5e00000, 0x0000000100000000)
  eden space 4608K, 100% used [0x00000000d5580000,0x00000000d5a00000,0x00000000d5a00000)
  from space 1536K, 73% used [0x00000000d5c80000,0x00000000d5d9a618,0x00000000d5e00000)
  to   space 1536K, 0% used [0x00000000d5b00000,0x00000000d5b00000,0x00000000d5c80000)
 ParOldGen       total 124928K, used 124684K [0x0000000080000000, 0x0000000087a00000, 0x00000000d5580000)
  object space 124928K, 99% used [0x0000000080000000,0x00000000879c3028,0x0000000087a00000)
 Metaspace       used 54246K, committed 55424K, reserved 1114112K
  class space    used 5825K, committed 6336K, reserved 1048576K
}
Event: 14.226 GC heap after
{Heap after GC invocations=63 (full 2):
 PSYoungGen      total 6144K, used 1329K [0x00000000d5580000, 0x00000000d5d00000, 0x0000000100000000)
  eden space 4608K, 0% used [0x00000000d5580000,0x00000000d5580000,0x00000000d5a00000)
  from space 1536K, 86% used [0x00000000d5b00000,0x00000000d5c4c6d8,0x00000000d5c80000)
  to   space 512K, 0% used [0x00000000d5c80000,0x00000000d5c80000,0x00000000d5d00000)
 ParOldGen       total 125952K, used 125614K [0x0000000080000000, 0x0000000087b00000, 0x00000000d5580000)
  object space 125952K, 99% used [0x0000000080000000,0x0000000087aabb48,0x0000000087b00000)
 Metaspace       used 54246K, committed 55424K, reserved 1114112K
  class space    used 5825K, committed 6336K, reserved 1048576K
}
Event: 14.256 GC heap before
{Heap before GC invocations=64 (full 2):
 PSYoungGen      total 6144K, used 5937K [0x00000000d5580000, 0x00000000d5d00000, 0x0000000100000000)
  eden space 4608K, 100% used [0x00000000d5580000,0x00000000d5a00000,0x00000000d5a00000)
  from space 1536K, 86% used [0x00000000d5b00000,0x00000000d5c4c6d8,0x00000000d5c80000)
  to   space 512K, 0% used [0x00000000d5c80000,0x00000000d5c80000,0x00000000d5d00000)
 ParOldGen       total 125952K, used 125614K [0x0000000080000000, 0x0000000087b00000, 0x00000000d5580000)
  object space 125952K, 99% used [0x0000000080000000,0x0000000087aabb48,0x0000000087b00000)
 Metaspace       used 54263K, committed 55424K, reserved 1114112K
  class space    used 5825K, committed 6336K, reserved 1048576K
}
Event: 14.259 GC heap after
{Heap after GC invocations=64 (full 2):
 PSYoungGen      total 5120K, used 511K [0x00000000d5580000, 0x00000000d5e00000, 0x0000000100000000)
  eden space 4608K, 0% used [0x00000000d5580000,0x00000000d5580000,0x00000000d5a00000)
  from space 512K, 99% used [0x00000000d5c80000,0x00000000d5cffdd8,0x00000000d5d00000)
  to   space 2048K, 0% used [0x00000000d5a00000,0x00000000d5a00000,0x00000000d5c00000)
 ParOldGen       total 126976K, used 126928K [0x0000000080000000, 0x0000000087c00000, 0x00000000d5580000)
  object space 126976K, 99% used [0x0000000080000000,0x0000000087bf4050,0x0000000087c00000)
 Metaspace       used 54263K, committed 55424K, reserved 1114112K
  class space    used 5825K, committed 6336K, reserved 1048576K
}
Event: 14.278 GC heap before
{Heap before GC invocations=65 (full 2):
 PSYoungGen      total 5120K, used 5119K [0x00000000d5580000, 0x00000000d5e00000, 0x0000000100000000)
  eden space 4608K, 100% used [0x00000000d5580000,0x00000000d5a00000,0x00000000d5a00000)
  from space 512K, 99% used [0x00000000d5c80000,0x00000000d5cffdd8,0x00000000d5d00000)
  to   space 2048K, 0% used [0x00000000d5a00000,0x00000000d5a00000,0x00000000d5c00000)
 ParOldGen       total 126976K, used 126928K [0x0000000080000000, 0x0000000087c00000, 0x00000000d5580000)
  object space 126976K, 99% used [0x0000000080000000,0x0000000087bf4050,0x0000000087c00000)
 Metaspace       used 54279K, committed 55488K, reserved 1114112K
  class space    used 5825K, committed 6336K, reserved 1048576K
}
Event: 14.280 GC heap after
{Heap after GC invocations=65 (full 2):
 PSYoungGen      total 6144K, used 1059K [0x00000000d5580000, 0x00000000d5d00000, 0x0000000100000000)
  eden space 4608K, 0% used [0x00000000d5580000,0x00000000d5580000,0x00000000d5a00000)
  from space 1536K, 68% used [0x00000000d5a00000,0x00000000d5b08f40,0x00000000d5b80000)
  to   space 1536K, 0% used [0x00000000d5b80000,0x00000000d5b80000,0x00000000d5d00000)
 ParOldGen       total 127488K, used 127104K [0x0000000080000000, 0x0000000087c80000, 0x00000000d5580000)
  object space 127488K, 99% used [0x0000000080000000,0x0000000087c20050,0x0000000087c80000)
 Metaspace       used 54279K, committed 55488K, reserved 1114112K
  class space    used 5825K, committed 6336K, reserved 1048576K
}
Event: 14.315 GC heap before
{Heap before GC invocations=66 (full 2):
 PSYoungGen      total 6144K, used 5545K [0x00000000d5580000, 0x00000000d5d00000, 0x0000000100000000)
  eden space 4608K, 97% used [0x00000000d5580000,0x00000000d59e1740,0x00000000d5a00000)
  from space 1536K, 68% used [0x00000000d5a00000,0x00000000d5b08f40,0x00000000d5b80000)
  to   space 1536K, 0% used [0x00000000d5b80000,0x00000000d5b80000,0x00000000d5d00000)
 ParOldGen       total 127488K, used 127104K [0x0000000080000000, 0x0000000087c80000, 0x00000000d5580000)
  object space 127488K, 99% used [0x0000000080000000,0x0000000087c20050,0x0000000087c80000)
 Metaspace       used 54305K, committed 55552K, reserved 1114112K
  class space    used 5825K, committed 6336K, reserved 1048576K
}
Event: 14.316 GC heap after
{Heap after GC invocations=66 (full 2):
 PSYoungGen      total 6144K, used 1447K [0x00000000d5580000, 0x00000000d5d00000, 0x0000000100000000)
  eden space 4608K, 0% used [0x00000000d5580000,0x00000000d5580000,0x00000000d5a00000)
  from space 1536K, 94% used [0x00000000d5b80000,0x00000000d5ce9d88,0x00000000d5d00000)
  to   space 1536K, 0% used [0x00000000d5a00000,0x00000000d5a00000,0x00000000d5b80000)
 ParOldGen       total 127488K, used 127184K [0x0000000080000000, 0x0000000087c80000, 0x00000000d5580000)
  object space 127488K, 99% used [0x0000000080000000,0x0000000087c34050,0x0000000087c80000)
 Metaspace       used 54305K, committed 55552K, reserved 1114112K
  class space    used 5825K, committed 6336K, reserved 1048576K
}
Event: 14.342 GC heap before
{Heap before GC invocations=67 (full 2):
 PSYoungGen      total 6144K, used 6055K [0x00000000d5580000, 0x00000000d5d00000, 0x0000000100000000)
  eden space 4608K, 100% used [0x00000000d5580000,0x00000000d5a00000,0x00000000d5a00000)
  from space 1536K, 94% used [0x00000000d5b80000,0x00000000d5ce9d88,0x00000000d5d00000)
  to   space 1536K, 0% used [0x00000000d5a00000,0x00000000d5a00000,0x00000000d5b80000)
 ParOldGen       total 127488K, used 127184K [0x0000000080000000, 0x0000000087c80000, 0x00000000d5580000)
  object space 127488K, 99% used [0x0000000080000000,0x0000000087c34050,0x0000000087c80000)
 Metaspace       used 54315K, committed 55552K, reserved 1114112K
  class space    used 5825K, committed 6336K, reserved 1048576K
}
Event: 14.343 GC heap after
{Heap after GC invocations=67 (full 2):
 PSYoungGen      total 6144K, used 1099K [0x00000000d5580000, 0x00000000d5d00000, 0x0000000100000000)
  eden space 4608K, 0% used [0x00000000d5580000,0x00000000d5580000,0x00000000d5a00000)
  from space 1536K, 71% used [0x00000000d5a00000,0x00000000d5b12cd8,0x00000000d5b80000)
  to   space 1536K, 0% used [0x00000000d5b80000,0x00000000d5b80000,0x00000000d5d00000)
 ParOldGen       total 127488K, used 127248K [0x0000000080000000, 0x0000000087c80000, 0x00000000d5580000)
  object space 127488K, 99% used [0x0000000080000000,0x0000000087c44050,0x0000000087c80000)
 Metaspace       used 54315K, committed 55552K, reserved 1114112K
  class space    used 5825K, committed 6336K, reserved 1048576K
}
Event: 14.375 GC heap before
{Heap before GC invocations=68 (full 2):
 PSYoungGen      total 6144K, used 5541K [0x00000000d5580000, 0x00000000d5d00000, 0x0000000100000000)
  eden space 4608K, 96% used [0x00000000d5580000,0x00000000d59d68e8,0x00000000d5a00000)
  from space 1536K, 71% used [0x00000000d5a00000,0x00000000d5b12cd8,0x00000000d5b80000)
  to   space 1536K, 0% used [0x00000000d5b80000,0x00000000d5b80000,0x00000000d5d00000)
 ParOldGen       total 127488K, used 127248K [0x0000000080000000, 0x0000000087c80000, 0x00000000d5580000)
  object space 127488K, 99% used [0x0000000080000000,0x0000000087c44050,0x0000000087c80000)
 Metaspace       used 54325K, committed 55552K, reserved 1114112K
  class space    used 5825K, committed 6336K, reserved 1048576K
}
Event: 14.377 GC heap after
{Heap after GC invocations=68 (full 2):
 PSYoungGen      total 6144K, used 982K [0x00000000d5580000, 0x00000000d5d00000, 0x0000000100000000)
  eden space 4608K, 0% used [0x00000000d5580000,0x00000000d5580000,0x00000000d5a00000)
  from space 1536K, 63% used [0x00000000d5b80000,0x00000000d5c759b8,0x00000000d5d00000)
  to   space 1536K, 0% used [0x00000000d5a00000,0x00000000d5a00000,0x00000000d5b80000)
 ParOldGen       total 127488K, used 127336K [0x0000000080000000, 0x0000000087c80000, 0x00000000d5580000)
  object space 127488K, 99% used [0x0000000080000000,0x0000000087c5a050,0x0000000087c80000)
 Metaspace       used 54325K, committed 55552K, reserved 1114112K
  class space    used 5825K, committed 6336K, reserved 1048576K
}
Event: 14.391 GC heap before
{Heap before GC invocations=69 (full 2):
 PSYoungGen      total 6144K, used 5590K [0x00000000d5580000, 0x00000000d5d00000, 0x0000000100000000)
  eden space 4608K, 100% used [0x00000000d5580000,0x00000000d5a00000,0x00000000d5a00000)
  from space 1536K, 63% used [0x00000000d5b80000,0x00000000d5c759b8,0x00000000d5d00000)
  to   space 1536K, 0% used [0x00000000d5a00000,0x00000000d5a00000,0x00000000d5b80000)
 ParOldGen       total 127488K, used 127336K [0x0000000080000000, 0x0000000087c80000, 0x00000000d5580000)
  object space 127488K, 99% used [0x0000000080000000,0x0000000087c5a050,0x0000000087c80000)
 Metaspace       used 54325K, committed 55552K, reserved 1114112K
  class space    used 5825K, committed 6336K, reserved 1048576K
}
Event: 14.392 GC heap after
{Heap after GC invocations=69 (full 2):
 PSYoungGen      total 5632K, used 971K [0x00000000d5580000, 0x00000000d5c00000, 0x0000000100000000)
  eden space 4608K, 0% used [0x00000000d5580000,0x00000000d5580000,0x00000000d5a00000)
  from space 1024K, 94% used [0x00000000d5a00000,0x00000000d5af2ce8,0x00000000d5b00000)
  to   space 1024K, 0% used [0x00000000d5b00000,0x00000000d5b00000,0x00000000d5c00000)
 ParOldGen       total 127488K, used 127352K [0x0000000080000000, 0x0000000087c80000, 0x00000000d5580000)
  object space 127488K, 99% used [0x0000000080000000,0x0000000087c5e050,0x0000000087c80000)
 Metaspace       used 54325K, committed 55552K, reserved 1114112K
  class space    used 5825K, committed 6336K, reserved 1048576K
}
Event: 14.400 GC heap before
{Heap before GC invocations=70 (full 2):
 PSYoungGen      total 5632K, used 5579K [0x00000000d5580000, 0x00000000d5c00000, 0x0000000100000000)
  eden space 4608K, 100% used [0x00000000d5580000,0x00000000d5a00000,0x00000000d5a00000)
  from space 1024K, 94% used [0x00000000d5a00000,0x00000000d5af2ce8,0x00000000d5b00000)
  to   space 1024K, 0% used [0x00000000d5b00000,0x00000000d5b00000,0x00000000d5c00000)
 ParOldGen       total 127488K, used 127352K [0x0000000080000000, 0x0000000087c80000, 0x00000000d5580000)
  object space 127488K, 99% used [0x0000000080000000,0x0000000087c5e050,0x0000000087c80000)
 Metaspace       used 54326K, committed 55552K, reserved 1114112K
  class space    used 5825K, committed 6336K, reserved 1048576K
}
Event: 14.401 GC heap after
{Heap after GC invocations=70 (full 2):
 PSYoungGen      total 5632K, used 566K [0x00000000d5580000, 0x00000000d5c00000, 0x0000000100000000)
  eden space 4608K, 0% used [0x00000000d5580000,0x00000000d5580000,0x00000000d5a00000)
  from space 1024K, 55% used [0x00000000d5b00000,0x00000000d5b8da28,0x00000000d5c00000)
  to   space 1024K, 0% used [0x00000000d5a00000,0x00000000d5a00000,0x00000000d5b00000)
 ParOldGen       total 127488K, used 127352K [0x0000000080000000, 0x0000000087c80000, 0x00000000d5580000)
  object space 127488K, 99% used [0x0000000080000000,0x0000000087c5e050,0x0000000087c80000)
 Metaspace       used 54326K, committed 55552K, reserved 1114112K
  class space    used 5825K, committed 6336K, reserved 1048576K
}
Event: 14.418 GC heap before
{Heap before GC invocations=71 (full 2):
 PSYoungGen      total 5632K, used 5174K [0x00000000d5580000, 0x00000000d5c00000, 0x0000000100000000)
  eden space 4608K, 100% used [0x00000000d5580000,0x00000000d5a00000,0x00000000d5a00000)
  from space 1024K, 55% used [0x00000000d5b00000,0x00000000d5b8da28,0x00000000d5c00000)
  to   space 1024K, 0% used [0x00000000d5a00000,0x00000000d5a00000,0x00000000d5b00000)
 ParOldGen       total 127488K, used 127352K [0x0000000080000000, 0x0000000087c80000, 0x00000000d5580000)
  object space 127488K, 99% used [0x0000000080000000,0x0000000087c5e050,0x0000000087c80000)
 Metaspace       used 54541K, committed 55744K, reserved 1114112K
  class space    used 5832K, committed 6336K, reserved 1048576K
}
Event: 14.420 GC heap after
{Heap after GC invocations=71 (full 2):
 PSYoungGen      total 5632K, used 96K [0x00000000d5580000, 0x00000000d5b80000, 0x0000000100000000)
  eden space 4608K, 0% used [0x00000000d5580000,0x00000000d5580000,0x00000000d5a00000)
  from space 1024K, 9% used [0x00000000d5a00000,0x00000000d5a18000,0x00000000d5b00000)
  to   space 512K, 0% used [0x00000000d5b00000,0x00000000d5b00000,0x00000000d5b80000)
 ParOldGen       total 127488K, used 127352K [0x0000000080000000, 0x0000000087c80000, 0x00000000d5580000)
  object space 127488K, 99% used [0x0000000080000000,0x0000000087c5e050,0x0000000087c80000)
 Metaspace       used 54541K, committed 55744K, reserved 1114112K
  class space    used 5832K, committed 6336K, reserved 1048576K
}

