# JRE version: OpenJDK Runtime Environment Temurin-21.0.10+7 (21.0.10+7) (build 21.0.10+7-LTS)
# Java VM: OpenJDK 64-Bit Server VM Temurin-21.0.10+7 (21.0.10+7-LTS, mixed mode, sharing, tiered, compressed oops, compressed class ptrs, parallel gc, windows-amd64)
GC Precious Log:
 CardTable entry size: 512
 CPUs: 12 total, 12 available
 Memory: 16077M
 Large Page Support: Disabled
 NUMA Support: Disabled
 Compressed Oops: Enabled (32-bit)
 Alignments: Space 512K, Generation 512K, Heap 2M
 Heap Min Capacity: 100M
 Heap Initial Capacity: 100M
 Heap Max Capacity: 2G
 Pre-touch: Disabled
 Parallel Workers: 10
Heap:
 PSYoungGen      total 5632K, used 5138K [0x00000000d5580000, 0x00000000d6580000, 0x0000000100000000)
  eden space 5120K, 90% used [0x00000000d5580000,0x00000000d5a05a88,0x00000000d5a80000)
  from space 512K, 99% used [0x00000000d6480000,0x00000000d64ff128,0x00000000d6500000)
  to   space 512K, 0% used [0x00000000d6500000,0x00000000d6500000,0x00000000d6580000)
 ParOldGen       total 92672K, used 73779K [0x0000000080000000, 0x0000000085a80000, 0x00000000d5580000)
  object space 92672K, 79% used [0x0000000080000000,0x000000008480ce00,0x0000000085a80000)
 Metaspace       used 59889K, committed 61184K, reserved 1114112K
  class space    used 6439K, committed 6976K, reserved 1048576K
GC Heap History (20 events):
Event: 31.986 GC heap before
{Heap before GC invocations=49 (full 2):
 PSYoungGen      total 15872K, used 15860K [0x00000000d5580000, 0x00000000d8900000, 0x0000000100000000)
  eden space 5120K, 100% used [0x00000000d5580000,0x00000000d5a80000,0x00000000d5a80000)
  from space 10752K, 99% used [0x00000000d6d80000,0x00000000d77fd030,0x00000000d7800000)
  to   space 19456K, 0% used [0x00000000d5a80000,0x00000000d5a80000,0x00000000d6d80000)
 ParOldGen       total 97792K, used 97682K [0x0000000080000000, 0x0000000085f80000, 0x00000000d5580000)
  object space 97792K, 99% used [0x0000000080000000,0x0000000085f64af8,0x0000000085f80000)
 Metaspace       used 57807K, committed 59072K, reserved 1114112K
  class space    used 6107K, committed 6592K, reserved 1048576K
}
Event: 32.005 GC heap after
{Heap after GC invocations=49 (full 2):
 PSYoungGen      total 15872K, used 15860K [0x00000000d5580000, 0x00000000d8900000, 0x0000000100000000)
  eden space 5120K, 100% used [0x00000000d5580000,0x00000000d5a80000,0x00000000d5a80000)
  from space 10752K, 99% used [0x00000000d6d80000,0x00000000d77fd030,0x00000000d7800000)
  to   space 19456K, 23% used [0x00000000d5a80000,0x00000000d5f08000,0x00000000d6d80000)
 ParOldGen       total 106496K, used 106054K [0x0000000080000000, 0x0000000086800000, 0x00000000d5580000)
  object space 106496K, 99% used [0x0000000080000000,0x0000000086791b28,0x0000000086800000)
 Metaspace       used 57807K, committed 59072K, reserved 1114112K
  class space    used 6107K, committed 6592K, reserved 1048576K
}
Event: 32.005 GC heap before
{Heap before GC invocations=50 (full 3):
 PSYoungGen      total 15872K, used 15860K [0x00000000d5580000, 0x00000000d8900000, 0x0000000100000000)
  eden space 5120K, 100% used [0x00000000d5580000,0x00000000d5a80000,0x00000000d5a80000)
  from space 10752K, 99% used [0x00000000d6d80000,0x00000000d77fd030,0x00000000d7800000)
  to   space 19456K, 23% used [0x00000000d5a80000,0x00000000d5f08000,0x00000000d6d80000)
 ParOldGen       total 106496K, used 106054K [0x0000000080000000, 0x0000000086800000, 0x00000000d5580000)
  object space 106496K, 99% used [0x0000000080000000,0x0000000086791b28,0x0000000086800000)
 Metaspace       used 57807K, committed 59072K, reserved 1114112K
  class space    used 6107K, committed 6592K, reserved 1048576K
}
Event: 32.129 GC heap after
{Heap after GC invocations=50 (full 3):
 PSYoungGen      total 24576K, used 0K [0x00000000d5580000, 0x00000000d8080000, 0x0000000100000000)
  eden space 5120K, 0% used [0x00000000d5580000,0x00000000d5580000,0x00000000d5a80000)
  from space 19456K, 0% used [0x00000000d5a80000,0x00000000d5a80000,0x00000000d6d80000)
  to   space 19456K, 0% used [0x00000000d6d80000,0x00000000d6d80000,0x00000000d8080000)
 ParOldGen       total 92672K, used 59842K [0x0000000080000000, 0x0000000085a80000, 0x00000000d5580000)
  object space 92672K, 64% used [0x0000000080000000,0x0000000083a70870,0x0000000085a80000)
 Metaspace       used 57807K, committed 59072K, reserved 1114112K
  class space    used 6107K, committed 6592K, reserved 1048576K
}
Event: 32.178 GC heap before
{Heap before GC invocations=51 (full 3):
 PSYoungGen      total 24576K, used 5120K [0x00000000d5580000, 0x00000000d8080000, 0x0000000100000000)
  eden space 5120K, 100% used [0x00000000d5580000,0x00000000d5a80000,0x00000000d5a80000)
  from space 19456K, 0% used [0x00000000d5a80000,0x00000000d5a80000,0x00000000d6d80000)
  to   space 19456K, 0% used [0x00000000d6d80000,0x00000000d6d80000,0x00000000d8080000)
 ParOldGen       total 92672K, used 59842K [0x0000000080000000, 0x0000000085a80000, 0x00000000d5580000)
  object space 92672K, 64% used [0x0000000080000000,0x0000000083a70870,0x0000000085a80000)
 Metaspace       used 57807K, committed 59072K, reserved 1114112K
  class space    used 6107K, committed 6592K, reserved 1048576K
}
Event: 32.183 GC heap after
{Heap after GC invocations=51 (full 3):
 PSYoungGen      total 9728K, used 4448K [0x00000000d5580000, 0x00000000d7200000, 0x0000000100000000)
  eden space 5120K, 0% used [0x00000000d5580000,0x00000000d5580000,0x00000000d5a80000)
  from space 4608K, 96% used [0x00000000d6d80000,0x00000000d71d8000,0x00000000d7200000)
  to   space 9728K, 0% used [0x00000000d5f00000,0x00000000d5f00000,0x00000000d6880000)
 ParOldGen       total 92672K, used 59842K [0x0000000080000000, 0x0000000085a80000, 0x00000000d5580000)
  object space 92672K, 64% used [0x0000000080000000,0x0000000083a70870,0x0000000085a80000)
 Metaspace       used 57807K, committed 59072K, reserved 1114112K
  class space    used 6107K, committed 6592K, reserved 1048576K
}
Event: 32.234 GC heap before
{Heap before GC invocations=52 (full 3):
 PSYoungGen      total 9728K, used 9568K [0x00000000d5580000, 0x00000000d7200000, 0x0000000100000000)
  eden space 5120K, 100% used [0x00000000d5580000,0x00000000d5a80000,0x00000000d5a80000)
  from space 4608K, 96% used [0x00000000d6d80000,0x00000000d71d8000,0x00000000d7200000)
  to   space 9728K, 0% used [0x00000000d5f00000,0x00000000d5f00000,0x00000000d6880000)
 ParOldGen       total 92672K, used 59842K [0x0000000080000000, 0x0000000085a80000, 0x00000000d5580000)
  object space 92672K, 64% used [0x0000000080000000,0x0000000083a70870,0x0000000085a80000)
 Metaspace       used 57808K, committed 59072K, reserved 1114112K
  class space    used 6107K, committed 6592K, reserved 1048576K
}
Event: 32.242 GC heap after
{Heap after GC invocations=52 (full 3):
 PSYoungGen      total 14848K, used 4320K [0x00000000d5580000, 0x00000000d6e00000, 0x0000000100000000)
  eden space 5120K, 0% used [0x00000000d5580000,0x00000000d5580000,0x00000000d5a80000)
  from space 9728K, 44% used [0x00000000d5f00000,0x00000000d6338000,0x00000000d6880000)
  to   space 5632K, 0% used [0x00000000d6880000,0x00000000d6880000,0x00000000d6e00000)
 ParOldGen       total 92672K, used 64210K [0x0000000080000000, 0x0000000085a80000, 0x00000000d5580000)
  object space 92672K, 69% used [0x0000000080000000,0x0000000083eb4870,0x0000000085a80000)
 Metaspace       used 57808K, committed 59072K, reserved 1114112K
  class space    used 6107K, committed 6592K, reserved 1048576K
}
Event: 32.322 GC heap before
{Heap before GC invocations=53 (full 3):
 PSYoungGen      total 14848K, used 9431K [0x00000000d5580000, 0x00000000d6e00000, 0x0000000100000000)
  eden space 5120K, 99% used [0x00000000d5580000,0x00000000d5a7dfb8,0x00000000d5a80000)
  from space 9728K, 44% used [0x00000000d5f00000,0x00000000d6338000,0x00000000d6880000)
  to   space 5632K, 0% used [0x00000000d6880000,0x00000000d6880000,0x00000000d6e00000)
 ParOldGen       total 92672K, used 64210K [0x0000000080000000, 0x0000000085a80000, 0x00000000d5580000)
  object space 92672K, 69% used [0x0000000080000000,0x0000000083eb4870,0x0000000085a80000)
 Metaspace       used 57854K, committed 59072K, reserved 1114112K
  class space    used 6112K, committed 6592K, reserved 1048576K
}
Event: 32.330 GC heap after
{Heap after GC invocations=53 (full 3):
 PSYoungGen      total 10752K, used 5632K [0x00000000d5580000, 0x00000000d6e00000, 0x0000000100000000)
  eden space 5120K, 0% used [0x00000000d5580000,0x00000000d5580000,0x00000000d5a80000)
  from space 5632K, 100% used [0x00000000d6880000,0x00000000d6e00000,0x00000000d6e00000)
  to   space 8704K, 0% used [0x00000000d5d00000,0x00000000d5d00000,0x00000000d6580000)
 ParOldGen       total 92672K, used 66306K [0x0000000080000000, 0x0000000085a80000, 0x00000000d5580000)
  object space 92672K, 71% used [0x0000000080000000,0x00000000840c0870,0x0000000085a80000)
 Metaspace       used 57854K, committed 59072K, reserved 1114112K
  class space    used 6112K, committed 6592K, reserved 1048576K
}
Event: 32.533 GC heap before
{Heap before GC invocations=54 (full 3):
 PSYoungGen      total 10752K, used 10752K [0x00000000d5580000, 0x00000000d6e00000, 0x0000000100000000)
  eden space 5120K, 100% used [0x00000000d5580000,0x00000000d5a80000,0x00000000d5a80000)
  from space 5632K, 100% used [0x00000000d6880000,0x00000000d6e00000,0x00000000d6e00000)
  to   space 8704K, 0% used [0x00000000d5d00000,0x00000000d5d00000,0x00000000d6580000)
 ParOldGen       total 92672K, used 66306K [0x0000000080000000, 0x0000000085a80000, 0x00000000d5580000)
  object space 92672K, 71% used [0x0000000080000000,0x00000000840c0870,0x0000000085a80000)
 Metaspace       used 58359K, committed 59712K, reserved 1114112K
  class space    used 6195K, committed 6720K, reserved 1048576K
}
Event: 32.549 GC heap after
{Heap after GC invocations=54 (full 3):
 PSYoungGen      total 13824K, used 704K [0x00000000d5580000, 0x00000000d6900000, 0x0000000100000000)
  eden space 5120K, 0% used [0x00000000d5580000,0x00000000d5580000,0x00000000d5a80000)
  from space 8704K, 8% used [0x00000000d5d00000,0x00000000d5db0000,0x00000000d6580000)
  to   space 3584K, 0% used [0x00000000d6580000,0x00000000d6580000,0x00000000d6900000)
 ParOldGen       total 92672K, used 69490K [0x0000000080000000, 0x0000000085a80000, 0x00000000d5580000)
  object space 92672K, 74% used [0x0000000080000000,0x00000000843dc870,0x0000000085a80000)
 Metaspace       used 58359K, committed 59712K, reserved 1114112K
  class space    used 6195K, committed 6720K, reserved 1048576K
}
Event: 32.660 GC heap before
{Heap before GC invocations=55 (full 3):
 PSYoungGen      total 13824K, used 5824K [0x00000000d5580000, 0x00000000d6900000, 0x0000000100000000)
  eden space 5120K, 100% used [0x00000000d5580000,0x00000000d5a80000,0x00000000d5a80000)
  from space 8704K, 8% used [0x00000000d5d00000,0x00000000d5db0000,0x00000000d6580000)
  to   space 3584K, 0% used [0x00000000d6580000,0x00000000d6580000,0x00000000d6900000)
 ParOldGen       total 92672K, used 69490K [0x0000000080000000, 0x0000000085a80000, 0x00000000d5580000)
  object space 92672K, 74% used [0x0000000080000000,0x00000000843dc870,0x0000000085a80000)
 Metaspace       used 58903K, committed 60224K, reserved 1114112K
  class space    used 6285K, committed 6784K, reserved 1048576K
}
Event: 32.666 GC heap after
{Heap after GC invocations=55 (full 3):
 PSYoungGen      total 5632K, used 448K [0x00000000d5580000, 0x00000000d6600000, 0x0000000100000000)
  eden space 5120K, 0% used [0x00000000d5580000,0x00000000d5580000,0x00000000d5a80000)
  from space 512K, 87% used [0x00000000d6580000,0x00000000d65f0000,0x00000000d6600000)
  to   space 1024K, 0% used [0x00000000d6400000,0x00000000d6400000,0x00000000d6500000)
 ParOldGen       total 92672K, used 70054K [0x0000000080000000, 0x0000000085a80000, 0x00000000d5580000)
  object space 92672K, 75% used [0x0000000080000000,0x0000000084469970,0x0000000085a80000)
 Metaspace       used 58903K, committed 60224K, reserved 1114112K
  class space    used 6285K, committed 6784K, reserved 1048576K
}
Event: 32.760 GC heap before
{Heap before GC invocations=56 (full 3):
 PSYoungGen      total 5632K, used 5568K [0x00000000d5580000, 0x00000000d6600000, 0x0000000100000000)
  eden space 5120K, 100% used [0x00000000d5580000,0x00000000d5a80000,0x00000000d5a80000)
  from space 512K, 87% used [0x00000000d6580000,0x00000000d65f0000,0x00000000d6600000)
  to   space 1024K, 0% used [0x00000000d6400000,0x00000000d6400000,0x00000000d6500000)
 ParOldGen       total 92672K, used 70054K [0x0000000080000000, 0x0000000085a80000, 0x00000000d5580000)
  object space 92672K, 75% used [0x0000000080000000,0x0000000084469970,0x0000000085a80000)
 Metaspace       used 59368K, committed 60608K, reserved 1114112K
  class space    used 6368K, committed 6848K, reserved 1048576K
}
Event: 32.763 GC heap after
{Heap after GC invocations=56 (full 3):
 PSYoungGen      total 6144K, used 457K [0x00000000d5580000, 0x00000000d6600000, 0x0000000100000000)
  eden space 5120K, 0% used [0x00000000d5580000,0x00000000d5580000,0x00000000d5a80000)
  from space 1024K, 44% used [0x00000000d6400000,0x00000000d64725f8,0x00000000d6500000)
  to   space 1024K, 0% used [0x00000000d6500000,0x00000000d6500000,0x00000000d6600000)
 ParOldGen       total 92672K, used 70243K [0x0000000080000000, 0x0000000085a80000, 0x00000000d5580000)
  object space 92672K, 75% used [0x0000000080000000,0x0000000084498d60,0x0000000085a80000)
 Metaspace       used 59368K, committed 60608K, reserved 1114112K
  class space    used 6368K, committed 6848K, reserved 1048576K
}
Event: 32.956 GC heap before
{Heap before GC invocations=57 (full 3):
 PSYoungGen      total 6144K, used 5470K [0x00000000d5580000, 0x00000000d6600000, 0x0000000100000000)
  eden space 5120K, 97% used [0x00000000d5580000,0x00000000d5a65520,0x00000000d5a80000)
  from space 1024K, 44% used [0x00000000d6400000,0x00000000d64725f8,0x00000000d6500000)
  to   space 1024K, 0% used [0x00000000d6500000,0x00000000d6500000,0x00000000d6600000)
 ParOldGen       total 92672K, used 70243K [0x0000000080000000, 0x0000000085a80000, 0x00000000d5580000)
  object space 92672K, 75% used [0x0000000080000000,0x0000000084498d60,0x0000000085a80000)
 Metaspace       used 59862K, committed 61120K, reserved 1114112K
  class space    used 6433K, committed 6912K, reserved 1048576K
}
Event: 32.959 GC heap after
{Heap after GC invocations=57 (full 3):
 PSYoungGen      total 5632K, used 480K [0x00000000d5580000, 0x00000000d6580000, 0x0000000100000000)
  eden space 5120K, 0% used [0x00000000d5580000,0x00000000d5580000,0x00000000d5a80000)
  from space 512K, 93% used [0x00000000d6500000,0x00000000d6578000,0x00000000d6580000)
  to   space 512K, 0% used [0x00000000d6480000,0x00000000d6480000,0x00000000d6500000)
 ParOldGen       total 92672K, used 70434K [0x0000000080000000, 0x0000000085a80000, 0x00000000d5580000)
  object space 92672K, 76% used [0x0000000080000000,0x00000000844c8868,0x0000000085a80000)
 Metaspace       used 59862K, committed 61120K, reserved 1114112K
  class space    used 6433K, committed 6912K, reserved 1048576K
}
Event: 33.159 GC heap before
{Heap before GC invocations=58 (full 3):
 PSYoungGen      total 5632K, used 5527K [0x00000000d5580000, 0x00000000d6580000, 0x0000000100000000)
  eden space 5120K, 98% used [0x00000000d5580000,0x00000000d5a6dde0,0x00000000d5a80000)
  from space 512K, 93% used [0x00000000d6500000,0x00000000d6578000,0x00000000d6580000)
  to   space 512K, 0% used [0x00000000d6480000,0x00000000d6480000,0x00000000d6500000)
 ParOldGen       total 92672K, used 70434K [0x0000000080000000, 0x0000000085a80000, 0x00000000d5580000)
  object space 92672K, 76% used [0x0000000080000000,0x00000000844c8868,0x0000000085a80000)
 Metaspace       used 59888K, committed 61184K, reserved 1114112K
  class space    used 6439K, committed 6976K, reserved 1048576K
}
Event: 33.162 GC heap after
{Heap after GC invocations=58 (full 3):
 PSYoungGen      total 5632K, used 508K [0x00000000d5580000, 0x00000000d6580000, 0x0000000100000000)
  eden space 5120K, 0% used [0x00000000d5580000,0x00000000d5580000,0x00000000d5a80000)
  from space 512K, 99% used [0x00000000d6480000,0x00000000d64ff128,0x00000000d6500000)
  to   space 512K, 0% used [0x00000000d6500000,0x00000000d6500000,0x00000000d6580000)
 ParOldGen       total 92672K, used 73779K [0x0000000080000000, 0x0000000085a80000, 0x00000000d5580000)
  object space 92672K, 79% used [0x0000000080000000,0x000000008480ce00,0x0000000085a80000)
 Metaspace       used 59888K, committed 61184K, reserved 1114112K
  class space    used 6439K, committed 6976K, reserved 1048576K
}

