# JRE version: OpenJDK Runtime Environment Temurin-21.0.10+7 (21.0.10+7) (build 21.0.10+7-LTS)
# Java VM: OpenJDK 64-Bit Server VM Temurin-21.0.10+7 (21.0.10+7-LTS, mixed mode, sharing, tiered, compressed oops, compressed class ptrs, parallel gc, windows-amd64)
GC Precious Log:
 CardTable entry size: 512
 CPUs: 12 total, 12 available
 Memory: 16077M
 Large Page Support: Disabled
 NUMA Support: Disabled
 Compressed Oops: Enabled (32-bit)
 Alignments: Space 512K, Generation 512K, Heap 2M
 Heap Min Capacity: 100M
 Heap Initial Capacity: 100M
 Heap Max Capacity: 2G
 Pre-touch: Disabled
 Parallel Workers: 10
Heap:
 PSYoungGen      total 2560K, used 1170K [0x00000000d5580000, 0x00000000d5980000, 0x0000000100000000)
  eden space 2048K, 41% used [0x00000000d5580000,0x00000000d5654b10,0x00000000d5780000)
  from space 512K, 62% used [0x00000000d5780000,0x00000000d57d0000,0x00000000d5800000)
  to   space 512K, 0% used [0x00000000d5900000,0x00000000d5900000,0x00000000d5980000)
 ParOldGen       total 131584K, used 131433K [0x0000000080000000, 0x0000000088080000, 0x00000000d5580000)
  object space 131584K, 99% used [0x0000000080000000,0x000000008805a778,0x0000000088080000)
 Metaspace       used 84010K, committed 85696K, reserved 1179648K
  class space    used 10011K, committed 10816K, reserved 1048576K
GC Heap History (20 events):
Event: 288.094 GC heap before
{Heap before GC invocations=139 (full 3):
 PSYoungGen      total 4096K, used 4084K [0x00000000d5580000, 0x00000000d5b00000, 0x0000000100000000)
  eden space 3584K, 100% used [0x00000000d5580000,0x00000000d5900000,0x00000000d5900000)
  from space 512K, 97% used [0x00000000d5980000,0x00000000d59fd348,0x00000000d5a00000)
  to   space 1024K, 0% used [0x00000000d5a00000,0x00000000d5a00000,0x00000000d5b00000)
 ParOldGen       total 128000K, used 127734K [0x0000000080000000, 0x0000000087d00000, 0x00000000d5580000)
  object space 128000K, 99% used [0x0000000080000000,0x0000000087cbda18,0x0000000087d00000)
 Metaspace       used 82961K, committed 84608K, reserved 1179648K
  class space    used 9914K, committed 10688K, reserved 1048576K
}
Event: 288.098 GC heap after
{Heap after GC invocations=139 (full 3):
 PSYoungGen      total 4096K, used 256K [0x00000000d5580000, 0x00000000d5a80000, 0x0000000100000000)
  eden space 3584K, 0% used [0x00000000d5580000,0x00000000d5580000,0x00000000d5900000)
  from space 512K, 50% used [0x00000000d5a00000,0x00000000d5a40000,0x00000000d5a80000)
  to   space 512K, 0% used [0x00000000d5980000,0x00000000d5980000,0x00000000d5a00000)
 ParOldGen       total 128000K, used 127838K [0x0000000080000000, 0x0000000087d00000, 0x00000000d5580000)
  object space 128000K, 99% used [0x0000000080000000,0x0000000087cd7a18,0x0000000087d00000)
 Metaspace       used 82961K, committed 84608K, reserved 1179648K
  class space    used 9914K, committed 10688K, reserved 1048576K
}
Event: 298.700 GC heap before
{Heap before GC invocations=140 (full 3):
 PSYoungGen      total 4096K, used 3802K [0x00000000d5580000, 0x00000000d5a80000, 0x0000000100000000)
  eden space 3584K, 98% used [0x00000000d5580000,0x00000000d58f6ab8,0x00000000d5900000)
  from space 512K, 50% used [0x00000000d5a00000,0x00000000d5a40000,0x00000000d5a80000)
  to   space 512K, 0% used [0x00000000d5980000,0x00000000d5980000,0x00000000d5a00000)
 ParOldGen       total 128000K, used 127838K [0x0000000080000000, 0x0000000087d00000, 0x00000000d5580000)
  object space 128000K, 99% used [0x0000000080000000,0x0000000087cd7a18,0x0000000087d00000)
 Metaspace       used 83009K, committed 84736K, reserved 1179648K
  class space    used 9917K, committed 10688K, reserved 1048576K
}
Event: 298.701 GC heap after
{Heap after GC invocations=140 (full 3):
 PSYoungGen      total 4096K, used 480K [0x00000000d5580000, 0x00000000d5b00000, 0x0000000100000000)
  eden space 3584K, 0% used [0x00000000d5580000,0x00000000d5580000,0x00000000d5900000)
  from space 512K, 93% used [0x00000000d5980000,0x00000000d59f8010,0x00000000d5a00000)
  to   space 1024K, 0% used [0x00000000d5a00000,0x00000000d5a00000,0x00000000d5b00000)
 ParOldGen       total 128000K, used 127886K [0x0000000080000000, 0x0000000087d00000, 0x00000000d5580000)
  object space 128000K, 99% used [0x0000000080000000,0x0000000087ce3a18,0x0000000087d00000)
 Metaspace       used 83009K, committed 84736K, reserved 1179648K
  class space    used 9917K, committed 10688K, reserved 1048576K
}
Event: 298.769 GC heap before
{Heap before GC invocations=141 (full 3):
 PSYoungGen      total 4096K, used 4052K [0x00000000d5580000, 0x00000000d5b00000, 0x0000000100000000)
  eden space 3584K, 99% used [0x00000000d5580000,0x00000000d58fd368,0x00000000d5900000)
  from space 512K, 93% used [0x00000000d5980000,0x00000000d59f8010,0x00000000d5a00000)
  to   space 1024K, 0% used [0x00000000d5a00000,0x00000000d5a00000,0x00000000d5b00000)
 ParOldGen       total 128000K, used 127886K [0x0000000080000000, 0x0000000087d00000, 0x00000000d5580000)
  object space 128000K, 99% used [0x0000000080000000,0x0000000087ce3a18,0x0000000087d00000)
 Metaspace       used 83038K, committed 84736K, reserved 1179648K
  class space    used 9921K, committed 10688K, reserved 1048576K
}
Event: 298.771 GC heap after
{Heap after GC invocations=141 (full 3):
 PSYoungGen      total 4096K, used 952K [0x00000000d5580000, 0x00000000d5c00000, 0x0000000100000000)
  eden space 3072K, 0% used [0x00000000d5580000,0x00000000d5580000,0x00000000d5880000)
  from space 1024K, 92% used [0x00000000d5a00000,0x00000000d5aee0e0,0x00000000d5b00000)
  to   space 1536K, 0% used [0x00000000d5880000,0x00000000d5880000,0x00000000d5a00000)
 ParOldGen       total 128512K, used 128358K [0x0000000080000000, 0x0000000087d80000, 0x00000000d5580000)
  object space 128512K, 99% used [0x0000000080000000,0x0000000087d59aa8,0x0000000087d80000)
 Metaspace       used 83038K, committed 84736K, reserved 1179648K
  class space    used 9921K, committed 10688K, reserved 1048576K
}
Event: 298.819 GC heap before
{Heap before GC invocations=142 (full 3):
 PSYoungGen      total 4096K, used 4024K [0x00000000d5580000, 0x00000000d5c00000, 0x0000000100000000)
  eden space 3072K, 100% used [0x00000000d5580000,0x00000000d5880000,0x00000000d5880000)
  from space 1024K, 92% used [0x00000000d5a00000,0x00000000d5aee0e0,0x00000000d5b00000)
  to   space 1536K, 0% used [0x00000000d5880000,0x00000000d5880000,0x00000000d5a00000)
 ParOldGen       total 128512K, used 128358K [0x0000000080000000, 0x0000000087d80000, 0x00000000d5580000)
  object space 128512K, 99% used [0x0000000080000000,0x0000000087d59aa8,0x0000000087d80000)
 Metaspace       used 83146K, committed 84800K, reserved 1179648K
  class space    used 9930K, committed 10688K, reserved 1048576K
}
Event: 298.820 GC heap after
{Heap after GC invocations=142 (full 3):
 PSYoungGen      total 3584K, used 416K [0x00000000d5580000, 0x00000000d5a80000, 0x0000000100000000)
  eden space 3072K, 0% used [0x00000000d5580000,0x00000000d5580000,0x00000000d5880000)
  from space 512K, 81% used [0x00000000d5880000,0x00000000d58e8000,0x00000000d5900000)
  to   space 1024K, 0% used [0x00000000d5980000,0x00000000d5980000,0x00000000d5a80000)
 ParOldGen       total 129536K, used 129150K [0x0000000080000000, 0x0000000087e80000, 0x00000000d5580000)
  object space 129536K, 99% used [0x0000000080000000,0x0000000087e1fb38,0x0000000087e80000)
 Metaspace       used 83146K, committed 84800K, reserved 1179648K
  class space    used 9930K, committed 10688K, reserved 1048576K
}
Event: 298.891 GC heap before
{Heap before GC invocations=143 (full 3):
 PSYoungGen      total 3584K, used 3488K [0x00000000d5580000, 0x00000000d5a80000, 0x0000000100000000)
  eden space 3072K, 100% used [0x00000000d5580000,0x00000000d5880000,0x00000000d5880000)
  from space 512K, 81% used [0x00000000d5880000,0x00000000d58e8000,0x00000000d5900000)
  to   space 1024K, 0% used [0x00000000d5980000,0x00000000d5980000,0x00000000d5a80000)
 ParOldGen       total 129536K, used 129150K [0x0000000080000000, 0x0000000087e80000, 0x00000000d5580000)
  object space 129536K, 99% used [0x0000000080000000,0x0000000087e1fb38,0x0000000087e80000)
 Metaspace       used 83400K, committed 85120K, reserved 1179648K
  class space    used 9959K, committed 10752K, reserved 1048576K
}
Event: 298.893 GC heap after
{Heap after GC invocations=143 (full 3):
 PSYoungGen      total 4096K, used 576K [0x00000000d5580000, 0x00000000d5a80000, 0x0000000100000000)
  eden space 3072K, 0% used [0x00000000d5580000,0x00000000d5580000,0x00000000d5880000)
  from space 1024K, 56% used [0x00000000d5980000,0x00000000d5a10000,0x00000000d5a80000)
  to   space 1024K, 0% used [0x00000000d5880000,0x00000000d5880000,0x00000000d5980000)
 ParOldGen       total 129536K, used 129310K [0x0000000080000000, 0x0000000087e80000, 0x00000000d5580000)
  object space 129536K, 99% used [0x0000000080000000,0x0000000087e47b38,0x0000000087e80000)
 Metaspace       used 83400K, committed 85120K, reserved 1179648K
  class space    used 9959K, committed 10752K, reserved 1048576K
}
Event: 298.935 GC heap before
{Heap before GC invocations=144 (full 3):
 PSYoungGen      total 4096K, used 3648K [0x00000000d5580000, 0x00000000d5a80000, 0x0000000100000000)
  eden space 3072K, 100% used [0x00000000d5580000,0x00000000d5880000,0x00000000d5880000)
  from space 1024K, 56% used [0x00000000d5980000,0x00000000d5a10000,0x00000000d5a80000)
  to   space 1024K, 0% used [0x00000000d5880000,0x00000000d5880000,0x00000000d5980000)
 ParOldGen       total 129536K, used 129310K [0x0000000080000000, 0x0000000087e80000, 0x00000000d5580000)
  object space 129536K, 99% used [0x0000000080000000,0x0000000087e47b38,0x0000000087e80000)
 Metaspace       used 83548K, committed 85248K, reserved 1179648K
  class space    used 9971K, committed 10752K, reserved 1048576K
}
Event: 298.937 GC heap after
{Heap after GC invocations=144 (full 3):
 PSYoungGen      total 4096K, used 824K [0x00000000d5580000, 0x00000000d5a80000, 0x0000000100000000)
  eden space 3072K, 0% used [0x00000000d5580000,0x00000000d5580000,0x00000000d5880000)
  from space 1024K, 80% used [0x00000000d5880000,0x00000000d594e020,0x00000000d5980000)
  to   space 1024K, 0% used [0x00000000d5980000,0x00000000d5980000,0x00000000d5a80000)
 ParOldGen       total 130048K, used 129574K [0x0000000080000000, 0x0000000087f00000, 0x00000000d5580000)
  object space 130048K, 99% used [0x0000000080000000,0x0000000087e89b38,0x0000000087f00000)
 Metaspace       used 83548K, committed 85248K, reserved 1179648K
  class space    used 9971K, committed 10752K, reserved 1048576K
}
Event: 298.988 GC heap before
{Heap before GC invocations=145 (full 3):
 PSYoungGen      total 4096K, used 3896K [0x00000000d5580000, 0x00000000d5a80000, 0x0000000100000000)
  eden space 3072K, 99% used [0x00000000d5580000,0x00000000d587ffe0,0x00000000d5880000)
  from space 1024K, 80% used [0x00000000d5880000,0x00000000d594e020,0x00000000d5980000)
  to   space 1024K, 0% used [0x00000000d5980000,0x00000000d5980000,0x00000000d5a80000)
 ParOldGen       total 130048K, used 129574K [0x0000000080000000, 0x0000000087f00000, 0x00000000d5580000)
  object space 130048K, 99% used [0x0000000080000000,0x0000000087e89b38,0x0000000087f00000)
 Metaspace       used 83622K, committed 85312K, reserved 1179648K
  class space    used 9974K, committed 10752K, reserved 1048576K
}
Event: 298.990 GC heap after
{Heap after GC invocations=145 (full 3):
 PSYoungGen      total 3072K, used 1024K [0x00000000d5580000, 0x00000000d5c80000, 0x0000000100000000)
  eden space 2048K, 0% used [0x00000000d5580000,0x00000000d5580000,0x00000000d5780000)
  from space 1024K, 100% used [0x00000000d5980000,0x00000000d5a80000,0x00000000d5a80000)
  to   space 2048K, 0% used [0x00000000d5780000,0x00000000d5780000,0x00000000d5980000)
 ParOldGen       total 130560K, used 130225K [0x0000000080000000, 0x0000000087f80000, 0x00000000d5580000)
  object space 130560K, 99% used [0x0000000080000000,0x0000000087f2c768,0x0000000087f80000)
 Metaspace       used 83622K, committed 85312K, reserved 1179648K
  class space    used 9974K, committed 10752K, reserved 1048576K
}
Event: 328.572 GC heap before
{Heap before GC invocations=146 (full 3):
 PSYoungGen      total 3072K, used 3071K [0x00000000d5580000, 0x00000000d5c80000, 0x0000000100000000)
  eden space 2048K, 99% used [0x00000000d5580000,0x00000000d577fff8,0x00000000d5780000)
  from space 1024K, 100% used [0x00000000d5980000,0x00000000d5a80000,0x00000000d5a80000)
  to   space 2048K, 0% used [0x00000000d5780000,0x00000000d5780000,0x00000000d5980000)
 ParOldGen       total 130560K, used 130225K [0x0000000080000000, 0x0000000087f80000, 0x00000000d5580000)
  object space 130560K, 99% used [0x0000000080000000,0x0000000087f2c768,0x0000000087f80000)
 Metaspace       used 83822K, committed 85568K, reserved 1179648K
  class space    used 9998K, committed 10816K, reserved 1048576K
}
Event: 328.578 GC heap after
{Heap after GC invocations=146 (full 3):
 PSYoungGen      total 2560K, used 352K [0x00000000d5580000, 0x00000000d5a00000, 0x0000000100000000)
  eden space 2048K, 0% used [0x00000000d5580000,0x00000000d5580000,0x00000000d5780000)
  from space 512K, 68% used [0x00000000d5780000,0x00000000d57d8000,0x00000000d5800000)
  to   space 1024K, 0% used [0x00000000d5900000,0x00000000d5900000,0x00000000d5a00000)
 ParOldGen       total 131584K, used 131249K [0x0000000080000000, 0x0000000088080000, 0x00000000d5580000)
  object space 131584K, 99% used [0x0000000080000000,0x000000008802c778,0x0000000088080000)
 Metaspace       used 83822K, committed 85568K, reserved 1179648K
  class space    used 9998K, committed 10816K, reserved 1048576K
}
Event: 328.680 GC heap before
{Heap before GC invocations=147 (full 3):
 PSYoungGen      total 2560K, used 2400K [0x00000000d5580000, 0x00000000d5a00000, 0x0000000100000000)
  eden space 2048K, 100% used [0x00000000d5580000,0x00000000d5780000,0x00000000d5780000)
  from space 512K, 68% used [0x00000000d5780000,0x00000000d57d8000,0x00000000d5800000)
  to   space 1024K, 0% used [0x00000000d5900000,0x00000000d5900000,0x00000000d5a00000)
 ParOldGen       total 131584K, used 131249K [0x0000000080000000, 0x0000000088080000, 0x00000000d5580000)
  object space 131584K, 99% used [0x0000000080000000,0x000000008802c778,0x0000000088080000)
 Metaspace       used 83933K, committed 85632K, reserved 1179648K
  class space    used 10008K, committed 10816K, reserved 1048576K
}
Event: 328.682 GC heap after
{Heap after GC invocations=147 (full 3):
 PSYoungGen      total 2560K, used 352K [0x00000000d5580000, 0x00000000d5980000, 0x0000000100000000)
  eden space 2048K, 0% used [0x00000000d5580000,0x00000000d5580000,0x00000000d5780000)
  from space 512K, 68% used [0x00000000d5900000,0x00000000d5958000,0x00000000d5980000)
  to   space 512K, 0% used [0x00000000d5780000,0x00000000d5780000,0x00000000d5800000)
 ParOldGen       total 131584K, used 131369K [0x0000000080000000, 0x0000000088080000, 0x00000000d5580000)
  object space 131584K, 99% used [0x0000000080000000,0x000000008804a778,0x0000000088080000)
 Metaspace       used 83933K, committed 85632K, reserved 1179648K
  class space    used 10008K, committed 10816K, reserved 1048576K
}
Event: 4825.427 GC heap before
{Heap before GC invocations=148 (full 3):
 PSYoungGen      total 2560K, used 2385K [0x00000000d5580000, 0x00000000d5980000, 0x0000000100000000)
  eden space 2048K, 99% used [0x00000000d5580000,0x00000000d577c510,0x00000000d5780000)
  from space 512K, 68% used [0x00000000d5900000,0x00000000d5958000,0x00000000d5980000)
  to   space 512K, 0% used [0x00000000d5780000,0x00000000d5780000,0x00000000d5800000)
 ParOldGen       total 131584K, used 131369K [0x0000000080000000, 0x0000000088080000, 0x00000000d5580000)
  object space 131584K, 99% used [0x0000000080000000,0x000000008804a778,0x0000000088080000)
 Metaspace       used 83993K, committed 85696K, reserved 1179648K
  class space    used 10011K, committed 10816K, reserved 1048576K
}
Event: 4825.562 GC heap after
{Heap after GC invocations=148 (full 3):
 PSYoungGen      total 2560K, used 320K [0x00000000d5580000, 0x00000000d5980000, 0x0000000100000000)
  eden space 2048K, 0% used [0x00000000d5580000,0x00000000d5580000,0x00000000d5780000)
  from space 512K, 62% used [0x00000000d5780000,0x00000000d57d0000,0x00000000d5800000)
  to   space 512K, 0% used [0x00000000d5900000,0x00000000d5900000,0x00000000d5980000)
 ParOldGen       total 131584K, used 131433K [0x0000000080000000, 0x0000000088080000, 0x00000000d5580000)
  object space 131584K, 99% used [0x0000000080000000,0x000000008805a778,0x0000000088080000)
 Metaspace       used 83993K, committed 85696K, reserved 1179648K
  class space    used 10011K, committed 10816K, reserved 1048576K
}

